[INFO  - 2018-09-15T08:27:36.412Z] GhostDriver - Main - running on port 19028
[INFO  - 2018-09-15T08:27:37.056Z] Session [33b2e0c0-b8c1-11e8-9d1e-256c9e5da231] - page.settings - {"XSSAuditingEnabled":false,"javascriptCanCloseWindows":true,"javascriptCanOpenWindows":true,"javascriptEnabled":true,"loadImages":true,"localToRemoteUrlAccessEnabled":false,"userAgent":"Mozilla/5.0 (Windows NT 6.2; WOW64) AppleWebKit/538.1 (KHTML, like Gecko) PhantomJS/2.1.1 Safari/538.1","webSecurityEnabled":true}
[INFO  - 2018-09-15T08:27:37.057Z] Session [33b2e0c0-b8c1-11e8-9d1e-256c9e5da231] - page.customHeaders:  - {}
[INFO  - 2018-09-15T08:27:37.057Z] Session [33b2e0c0-b8c1-11e8-9d1e-256c9e5da231] - Session.negotiatedCapabilities - {"browserName":"phantomjs","version":"2.1.1","driverName":"ghostdriver","driverVersion":"1.2.0","platform":"windows-10-32bit","javascriptEnabled":true,"takesScreenshot":true,"handlesAlerts":false,"databaseEnabled":false,"locationContextEnabled":false,"applicationCacheEnabled":false,"browserConnectionEnabled":false,"cssSelectorsEnabled":true,"webStorageEnabled":false,"rotatable":false,"acceptSslCerts":false,"nativeEvents":true,"proxy":{"proxyType":"direct"}}
[INFO  - 2018-09-15T08:27:37.058Z] SessionManagerReqHand - _postNewSessionCommand - New Session Created: 33b2e0c0-b8c1-11e8-9d1e-256c9e5da231
[ERROR - 2018-09-15T08:29:28.537Z] WebElementLocator - _handleLocateCommand - Element(s) NOT Found: GAVE UP. Search Stop Time: 1537000168492
[INFO  - 2018-09-15T08:29:28.874Z] ShutdownReqHand - _handle - About to shutdown
[INFO  - 2018-09-15T08:34:15.625Z] GhostDriver - Main - running on port 46225
[INFO  - 2018-09-15T08:34:16.150Z] Session [21959ee0-b8c2-11e8-a29d-59df28ac70d4] - page.settings - {"XSSAuditingEnabled":false,"javascriptCanCloseWindows":true,"javascriptCanOpenWindows":true,"javascriptEnabled":true,"loadImages":true,"localToRemoteUrlAccessEnabled":false,"userAgent":"Mozilla/5.0 (Windows NT 6.2; WOW64) AppleWebKit/538.1 (KHTML, like Gecko) PhantomJS/2.1.1 Safari/538.1","webSecurityEnabled":true}
[INFO  - 2018-09-15T08:34:16.150Z] Session [21959ee0-b8c2-11e8-a29d-59df28ac70d4] - page.customHeaders:  - {}
[INFO  - 2018-09-15T08:34:16.150Z] Session [21959ee0-b8c2-11e8-a29d-59df28ac70d4] - Session.negotiatedCapabilities - {"browserName":"phantomjs","version":"2.1.1","driverName":"ghostdriver","driverVersion":"1.2.0","platform":"windows-10-32bit","javascriptEnabled":true,"takesScreenshot":true,"handlesAlerts":false,"databaseEnabled":false,"locationContextEnabled":false,"applicationCacheEnabled":false,"browserConnectionEnabled":false,"cssSelectorsEnabled":true,"webStorageEnabled":false,"rotatable":false,"acceptSslCerts":false,"nativeEvents":true,"proxy":{"proxyType":"direct"}}
[INFO  - 2018-09-15T08:34:16.151Z] SessionManagerReqHand - _postNewSessionCommand - New Session Created: 21959ee0-b8c2-11e8-a29d-59df28ac70d4
[ERROR - 2018-09-15T08:36:00.166Z] WebElementLocator - _handleLocateCommand - Element(s) NOT Found: GAVE UP. Search Stop Time: 1537000560132
[INFO  - 2018-09-15T08:36:00.443Z] ShutdownReqHand - _handle - About to shutdown
[INFO  - 2018-09-15T08:50:29.437Z] GhostDriver - Main - running on port 33351
[INFO  - 2018-09-15T08:50:29.829Z] Session [65f0f0b0-b8c4-11e8-964f-9db40b6bda0c] - page.settings - {"XSSAuditingEnabled":false,"javascriptCanCloseWindows":true,"javascriptCanOpenWindows":true,"javascriptEnabled":true,"loadImages":true,"localToRemoteUrlAccessEnabled":false,"userAgent":"Mozilla/5.0 (Windows NT 6.2; WOW64) AppleWebKit/538.1 (KHTML, like Gecko) PhantomJS/2.1.1 Safari/538.1","webSecurityEnabled":true}
[INFO  - 2018-09-15T08:50:29.830Z] Session [65f0f0b0-b8c4-11e8-964f-9db40b6bda0c] - page.customHeaders:  - {}
[INFO  - 2018-09-15T08:50:29.830Z] Session [65f0f0b0-b8c4-11e8-964f-9db40b6bda0c] - Session.negotiatedCapabilities - {"browserName":"phantomjs","version":"2.1.1","driverName":"ghostdriver","driverVersion":"1.2.0","platform":"windows-10-32bit","javascriptEnabled":true,"takesScreenshot":true,"handlesAlerts":false,"databaseEnabled":false,"locationContextEnabled":false,"applicationCacheEnabled":false,"browserConnectionEnabled":false,"cssSelectorsEnabled":true,"webStorageEnabled":false,"rotatable":false,"acceptSslCerts":false,"nativeEvents":true,"proxy":{"proxyType":"direct"}}
[INFO  - 2018-09-15T08:50:29.830Z] SessionManagerReqHand - _postNewSessionCommand - New Session Created: 65f0f0b0-b8c4-11e8-964f-9db40b6bda0c
[ERROR - 2018-09-15T08:52:21.822Z] WebElementLocator - _handleLocateCommand - Element(s) NOT Found: GAVE UP. Search Stop Time: 1537001541770
[INFO  - 2018-09-15T08:52:22.172Z] ShutdownReqHand - _handle - About to shutdown
[INFO  - 2018-09-15T08:52:55.262Z] GhostDriver - Main - running on port 42504
[INFO  - 2018-09-15T10:31:04.894Z] GhostDriver - Main - running on port 41098
[INFO  - 2018-09-15T10:31:05.042Z] Session [7333d5e0-b8d2-11e8-b9f1-efa1ab8aea7d] - page.settings - {"XSSAuditingEnabled":false,"javascriptCanCloseWindows":true,"javascriptCanOpenWindows":true,"javascriptEnabled":true,"loadImages":true,"localToRemoteUrlAccessEnabled":false,"userAgent":"Mozilla/5.0 (Windows NT 6.2; WOW64) AppleWebKit/538.1 (KHTML, like Gecko) PhantomJS/2.1.1 Safari/538.1","webSecurityEnabled":true}
[INFO  - 2018-09-15T10:31:05.043Z] Session [7333d5e0-b8d2-11e8-b9f1-efa1ab8aea7d] - page.customHeaders:  - {}
[INFO  - 2018-09-15T10:31:05.044Z] Session [7333d5e0-b8d2-11e8-b9f1-efa1ab8aea7d] - Session.negotiatedCapabilities - {"browserName":"phantomjs","version":"2.1.1","driverName":"ghostdriver","driverVersion":"1.2.0","platform":"windows-10-32bit","javascriptEnabled":true,"takesScreenshot":true,"handlesAlerts":false,"databaseEnabled":false,"locationContextEnabled":false,"applicationCacheEnabled":false,"browserConnectionEnabled":false,"cssSelectorsEnabled":true,"webStorageEnabled":false,"rotatable":false,"acceptSslCerts":false,"nativeEvents":true,"proxy":{"proxyType":"direct"}}
[INFO  - 2018-09-15T10:31:05.044Z] SessionManagerReqHand - _postNewSessionCommand - New Session Created: 7333d5e0-b8d2-11e8-b9f1-efa1ab8aea7d
[INFO  - 2018-09-15T10:31:17.715Z] ShutdownReqHand - _handle - About to shutdown
